[10:13:46]MongoDB.Driver.MongoConnectionException: Unable to connect to server 127.0.0.1:27017: 由于目标计算机积极拒绝，无法连接。 127.0.0.1:27017. ---> System.Net.Sockets.SocketException: 由于目标计算机积极拒绝，无法连接。 127.0.0.1:27017
   在 System.Net.Sockets.Socket.DoConnect(EndPoint endPointSnapshot, SocketAddress socketAddress)
   在 System.Net.Sockets.Socket.Connect(EndPoint remoteEP)
   在 System.Net.Sockets.TcpClient.Connect(IPEndPoint remoteEP)
   在 MongoDB.Driver.Internal.MongoConnection.Open()
   在 MongoDB.Driver.Internal.MongoConnection.SendMessage(MongoRequestMessage message, WriteConcern writeConcern, String databaseName)
   在 MongoDB.Driver.Internal.MongoConnection.RunCommand(String databaseName, QueryFlags queryFlags, CommandDocument command, Boolean throwOnError)
   在 MongoDB.Driver.MongoServerInstance.Ping(MongoConnection connection)
   在 MongoDB.Driver.MongoServerInstance.Connect()
   在 MongoDB.Driver.Internal.DirectMongoServerProxy.Connect(TimeSpan timeout, ReadPreference readPreference)
   --- 内部异常堆栈跟踪的结尾 ---
   在 MongoDB.Driver.Internal.DirectMongoServerProxy.Connect(TimeSpan timeout, ReadPreference readPreference)
   在 MongoDB.Driver.Internal.DirectMongoServerProxy.ChooseServerInstance(ReadPreference readPreference)
   在 MongoDB.Driver.MongoServer.AcquireConnection(MongoDatabase database, ReadPreference readPreference)
   在 MongoDB.Driver.MongoCursorEnumerator`1.AcquireConnection()
   在 MongoDB.Driver.MongoCursorEnumerator`1.GetFirst()
   在 MongoDB.Driver.MongoCursorEnumerator`1.MoveNext()
   在 System.Linq.Enumerable.FirstOrDefault[TSource](IEnumerable`1 source)
   在 Bitshare.DataDecision.DAL.MongoDal`1.Get(IMongoQuery query) 位置 c:\Users\63565\Documents\Tencent Files\3004814399\FileRecv\WebMS\Bitshare.DataDecision.DAL\MongoDal.cs:行号 26
   在 Bitshare.DataDecision.BLL.MongoBll`1.Get(IMongoQuery query) 位置 c:\Users\63565\Documents\Tencent Files\3004814399\FileRecv\WebMS\Bitshare.DataDecision.BLL\MongoBll.cs:行号 22
   在 Bitshare.DataDecision.Controllers.HomeController.Login(FormCollection form) 位置 c:\Users\63565\Documents\Tencent Files\3004814399\FileRecv\WebMS\Bitshare.DataDecision.Controllers\HomeController.cs:行号 163
[10:13:56]MongoDB.Driver.MongoConnectionException: Unable to connect to server 127.0.0.1:27017: 由于目标计算机积极拒绝，无法连接。 127.0.0.1:27017. ---> System.Net.Sockets.SocketException: 由于目标计算机积极拒绝，无法连接。 127.0.0.1:27017
   在 System.Net.Sockets.Socket.DoConnect(EndPoint endPointSnapshot, SocketAddress socketAddress)
   在 System.Net.Sockets.Socket.Connect(EndPoint remoteEP)
   在 System.Net.Sockets.TcpClient.Connect(IPEndPoint remoteEP)
   在 MongoDB.Driver.Internal.MongoConnection.Open()
   在 MongoDB.Driver.Internal.MongoConnection.SendMessage(MongoRequestMessage message, WriteConcern writeConcern, String databaseName)
   在 MongoDB.Driver.Internal.MongoConnection.RunCommand(String databaseName, QueryFlags queryFlags, CommandDocument command, Boolean throwOnError)
   在 MongoDB.Driver.MongoServerInstance.Ping(MongoConnection connection)
   在 MongoDB.Driver.MongoServerInstance.Connect()
   在 MongoDB.Driver.Internal.DirectMongoServerProxy.Connect(TimeSpan timeout, ReadPreference readPreference)
   --- 内部异常堆栈跟踪的结尾 ---
   在 MongoDB.Driver.Internal.DirectMongoServerProxy.Connect(TimeSpan timeout, ReadPreference readPreference)
   在 MongoDB.Driver.Internal.DirectMongoServerProxy.ChooseServerInstance(ReadPreference readPreference)
   在 MongoDB.Driver.MongoServer.AcquireConnection(MongoDatabase database, ReadPreference readPreference)
   在 MongoDB.Driver.MongoCursorEnumerator`1.AcquireConnection()
   在 MongoDB.Driver.MongoCursorEnumerator`1.GetFirst()
   在 MongoDB.Driver.MongoCursorEnumerator`1.MoveNext()
   在 System.Linq.Enumerable.FirstOrDefault[TSource](IEnumerable`1 source)
   在 Bitshare.DataDecision.DAL.MongoDal`1.Get(IMongoQuery query) 位置 c:\Users\63565\Documents\Tencent Files\3004814399\FileRecv\WebMS\Bitshare.DataDecision.DAL\MongoDal.cs:行号 26
   在 Bitshare.DataDecision.BLL.MongoBll`1.Get(IMongoQuery query) 位置 c:\Users\63565\Documents\Tencent Files\3004814399\FileRecv\WebMS\Bitshare.DataDecision.BLL\MongoBll.cs:行号 22
   在 Bitshare.DataDecision.Controllers.HomeController.Login(FormCollection form) 位置 c:\Users\63565\Documents\Tencent Files\3004814399\FileRecv\WebMS\Bitshare.DataDecision.Controllers\HomeController.cs:行号 163
[10:15:12]MongoDB.Driver.MongoConnectionException: Unable to connect to server 127.0.0.1:27017: 由于目标计算机积极拒绝，无法连接。 127.0.0.1:27017. ---> System.Net.Sockets.SocketException: 由于目标计算机积极拒绝，无法连接。 127.0.0.1:27017
   在 System.Net.Sockets.Socket.DoConnect(EndPoint endPointSnapshot, SocketAddress socketAddress)
   在 System.Net.Sockets.Socket.Connect(EndPoint remoteEP)
   在 System.Net.Sockets.TcpClient.Connect(IPEndPoint remoteEP)
   在 MongoDB.Driver.Internal.MongoConnection.Open()
   在 MongoDB.Driver.Internal.MongoConnection.GetNetworkStream()
   在 MongoDB.Driver.Internal.MongoConnection.SendMessage(MongoRequestMessage message, WriteConcern writeConcern, String databaseName)
   在 MongoDB.Driver.Internal.MongoConnection.RunCommand(String databaseName, QueryFlags queryFlags, CommandDocument command, Boolean throwOnError)
   在 MongoDB.Driver.MongoServerInstance.Ping(MongoConnection connection)
   在 MongoDB.Driver.MongoServerInstance.Connect()
   在 MongoDB.Driver.Internal.DirectMongoServerProxy.Connect(TimeSpan timeout, ReadPreference readPreference)
   --- 内部异常堆栈跟踪的结尾 ---
   在 MongoDB.Driver.Internal.DirectMongoServerProxy.Connect(TimeSpan timeout, ReadPreference readPreference)
   在 MongoDB.Driver.Internal.DirectMongoServerProxy.ChooseServerInstance(ReadPreference readPreference)
   在 MongoDB.Driver.MongoServer.AcquireConnection(MongoDatabase database, ReadPreference readPreference)
   在 MongoDB.Driver.MongoCursorEnumerator`1.AcquireConnection()
   在 MongoDB.Driver.MongoCursorEnumerator`1.GetFirst()
   在 MongoDB.Driver.MongoCursorEnumerator`1.MoveNext()
   在 System.Linq.Enumerable.FirstOrDefault[TSource](IEnumerable`1 source)
   在 Bitshare.DataDecision.DAL.MongoDal`1.Get(IMongoQuery query) 位置 c:\Users\63565\Documents\Tencent Files\3004814399\FileRecv\WebMS\Bitshare.DataDecision.DAL\MongoDal.cs:行号 26
   在 Bitshare.DataDecision.BLL.MongoBll`1.Get(IMongoQuery query) 位置 c:\Users\63565\Documents\Tencent Files\3004814399\FileRecv\WebMS\Bitshare.DataDecision.BLL\MongoBll.cs:行号 22
   在 Bitshare.DataDecision.Controllers.HomeController.Login(FormCollection form) 位置 c:\Users\63565\Documents\Tencent Files\3004814399\FileRecv\WebMS\Bitshare.DataDecision.Controllers\HomeController.cs:行号 163
[10:15:52]MongoDB.Driver.MongoConnectionException: Unable to connect to server 127.0.0.1:27017: 由于目标计算机积极拒绝，无法连接。 127.0.0.1:27017. ---> System.Net.Sockets.SocketException: 由于目标计算机积极拒绝，无法连接。 127.0.0.1:27017
   在 System.Net.Sockets.Socket.DoConnect(EndPoint endPointSnapshot, SocketAddress socketAddress)
   在 System.Net.Sockets.Socket.Connect(EndPoint remoteEP)
   在 System.Net.Sockets.TcpClient.Connect(IPEndPoint remoteEP)
   在 MongoDB.Driver.Internal.MongoConnection.Open()
   在 MongoDB.Driver.Internal.MongoConnection.GetNetworkStream()
   在 MongoDB.Driver.Internal.MongoConnection.SendMessage(MongoRequestMessage message, WriteConcern writeConcern, String databaseName)
   在 MongoDB.Driver.Internal.MongoConnection.RunCommand(String databaseName, QueryFlags queryFlags, CommandDocument command, Boolean throwOnError)
   在 MongoDB.Driver.MongoServerInstance.Ping(MongoConnection connection)
   在 MongoDB.Driver.MongoServerInstance.Connect()
   在 MongoDB.Driver.Internal.DirectMongoServerProxy.Connect(TimeSpan timeout, ReadPreference readPreference)
   --- 内部异常堆栈跟踪的结尾 ---
   在 MongoDB.Driver.Internal.DirectMongoServerProxy.Connect(TimeSpan timeout, ReadPreference readPreference)
   在 MongoDB.Driver.Internal.DirectMongoServerProxy.ChooseServerInstance(ReadPreference readPreference)
   在 MongoDB.Driver.MongoServer.AcquireConnection(MongoDatabase database, ReadPreference readPreference)
   在 MongoDB.Driver.MongoCursorEnumerator`1.AcquireConnection()
   在 MongoDB.Driver.MongoCursorEnumerator`1.GetFirst()
   在 MongoDB.Driver.MongoCursorEnumerator`1.MoveNext()
   在 System.Linq.Enumerable.FirstOrDefault[TSource](IEnumerable`1 source)
   在 Bitshare.DataDecision.DAL.MongoDal`1.Get(IMongoQuery query) 位置 c:\Users\63565\Documents\Tencent Files\3004814399\FileRecv\WebMS\Bitshare.DataDecision.DAL\MongoDal.cs:行号 26
   在 Bitshare.DataDecision.BLL.MongoBll`1.Get(IMongoQuery query) 位置 c:\Users\63565\Documents\Tencent Files\3004814399\FileRecv\WebMS\Bitshare.DataDecision.BLL\MongoBll.cs:行号 22
   在 Bitshare.DataDecision.Controllers.HomeController.Login(FormCollection form) 位置 c:\Users\63565\Documents\Tencent Files\3004814399\FileRecv\WebMS\Bitshare.DataDecision.Controllers\HomeController.cs:行号 163
[11:25:09]System.Data.SqlClient.SqlException (0x80131904): 无法打开登录所请求的数据库 "DataDecision1"。登录失败。
用户 'sa' 登录失败。
   在 System.Data.SqlClient.SqlInternalConnectionTds..ctor(DbConnectionPoolIdentity identity, SqlConnectionString connectionOptions, SqlCredential credential, Object providerInfo, String newPassword, SecureString newSecurePassword, Boolean redirectedUserInstance, SqlConnectionString userConnectionOptions, SessionData reconnectSessionData, DbConnectionPool pool, String accessToken, Boolean applyTransientFaultHandling)
   在 System.Data.SqlClient.SqlConnectionFactory.CreateConnection(DbConnectionOptions options, DbConnectionPoolKey poolKey, Object poolGroupProviderInfo, DbConnectionPool pool, DbConnection owningConnection, DbConnectionOptions userOptions)
   在 System.Data.ProviderBase.DbConnectionFactory.CreatePooledConnection(DbConnectionPool pool, DbConnection owningObject, DbConnectionOptions options, DbConnectionPoolKey poolKey, DbConnectionOptions userOptions)
   在 System.Data.ProviderBase.DbConnectionPool.CreateObject(DbConnection owningObject, DbConnectionOptions userOptions, DbConnectionInternal oldConnection)
   在 System.Data.ProviderBase.DbConnectionPool.UserCreateRequest(DbConnection owningObject, DbConnectionOptions userOptions, DbConnectionInternal oldConnection)
   在 System.Data.ProviderBase.DbConnectionPool.TryGetConnection(DbConnection owningObject, UInt32 waitForMultipleObjectsTimeout, Boolean allowCreate, Boolean onlyOneCheckConnection, DbConnectionOptions userOptions, DbConnectionInternal& connection)
   在 System.Data.ProviderBase.DbConnectionPool.TryGetConnection(DbConnection owningObject, TaskCompletionSource`1 retry, DbConnectionOptions userOptions, DbConnectionInternal& connection)
   在 System.Data.ProviderBase.DbConnectionFactory.TryGetConnection(DbConnection owningConnection, TaskCompletionSource`1 retry, DbConnectionOptions userOptions, DbConnectionInternal oldConnection, DbConnectionInternal& connection)
   在 System.Data.ProviderBase.DbConnectionInternal.TryOpenConnectionInternal(DbConnection outerConnection, DbConnectionFactory connectionFactory, TaskCompletionSource`1 retry, DbConnectionOptions userOptions)
   在 System.Data.ProviderBase.DbConnectionClosed.TryOpenConnection(DbConnection outerConnection, DbConnectionFactory connectionFactory, TaskCompletionSource`1 retry, DbConnectionOptions userOptions)
   在 System.Data.SqlClient.SqlConnection.TryOpenInner(TaskCompletionSource`1 retry)
   在 System.Data.SqlClient.SqlConnection.TryOpen(TaskCompletionSource`1 retry)
   在 System.Data.SqlClient.SqlConnection.Open()
   在 Bitshare.Common.SQLDBVisitor.QueryPageByProc(String tableName, String orderBy, Int32& totalCount, String queryFields, String where, Int32 pageIndex, Int32 pageSize) 位置 c:\Users\63565\Documents\Tencent Files\3004814399\FileRecv\WebMS\Bitshare.Common\DB\SQLDBVisitor.cs:行号 447
ClientConnectionId:af645765-b85f-48ed-ab0f-b943295831e3
Error Number:4060,State:1,Class:11
[11:26:27]System.Data.SqlClient.SqlException (0x80131904): 无法打开登录所请求的数据库 "DataDecision1"。登录失败。
用户 'sa' 登录失败。
   在 System.Data.SqlClient.SqlInternalConnectionTds..ctor(DbConnectionPoolIdentity identity, SqlConnectionString connectionOptions, SqlCredential credential, Object providerInfo, String newPassword, SecureString newSecurePassword, Boolean redirectedUserInstance, SqlConnectionString userConnectionOptions, SessionData reconnectSessionData, DbConnectionPool pool, String accessToken, Boolean applyTransientFaultHandling)
   在 System.Data.SqlClient.SqlConnectionFactory.CreateConnection(DbConnectionOptions options, DbConnectionPoolKey poolKey, Object poolGroupProviderInfo, DbConnectionPool pool, DbConnection owningConnection, DbConnectionOptions userOptions)
   在 System.Data.ProviderBase.DbConnectionFactory.CreatePooledConnection(DbConnectionPool pool, DbConnection owningObject, DbConnectionOptions options, DbConnectionPoolKey poolKey, DbConnectionOptions userOptions)
   在 System.Data.ProviderBase.DbConnectionPool.CreateObject(DbConnection owningObject, DbConnectionOptions userOptions, DbConnectionInternal oldConnection)
   在 System.Data.ProviderBase.DbConnectionPool.UserCreateRequest(DbConnection owningObject, DbConnectionOptions userOptions, DbConnectionInternal oldConnection)
   在 System.Data.ProviderBase.DbConnectionPool.TryGetConnection(DbConnection owningObject, UInt32 waitForMultipleObjectsTimeout, Boolean allowCreate, Boolean onlyOneCheckConnection, DbConnectionOptions userOptions, DbConnectionInternal& connection)
   在 System.Data.ProviderBase.DbConnectionPool.TryGetConnection(DbConnection owningObject, TaskCompletionSource`1 retry, DbConnectionOptions userOptions, DbConnectionInternal& connection)
   在 System.Data.ProviderBase.DbConnectionFactory.TryGetConnection(DbConnection owningConnection, TaskCompletionSource`1 retry, DbConnectionOptions userOptions, DbConnectionInternal oldConnection, DbConnectionInternal& connection)
   在 System.Data.ProviderBase.DbConnectionInternal.TryOpenConnectionInternal(DbConnection outerConnection, DbConnectionFactory connectionFactory, TaskCompletionSource`1 retry, DbConnectionOptions userOptions)
   在 System.Data.ProviderBase.DbConnectionClosed.TryOpenConnection(DbConnection outerConnection, DbConnectionFactory connectionFactory, TaskCompletionSource`1 retry, DbConnectionOptions userOptions)
   在 System.Data.SqlClient.SqlConnection.TryOpenInner(TaskCompletionSource`1 retry)
   在 System.Data.SqlClient.SqlConnection.TryOpen(TaskCompletionSource`1 retry)
   在 System.Data.SqlClient.SqlConnection.Open()
   在 Bitshare.Common.SQLDBVisitor.QueryPageByProc(String tableName, String orderBy, Int32& totalCount, String queryFields, String where, Int32 pageIndex, Int32 pageSize) 位置 c:\Users\63565\Documents\Tencent Files\3004814399\FileRecv\WebMS\Bitshare.Common\DB\SQLDBVisitor.cs:行号 447
ClientConnectionId:62cd19fe-0168-4a67-a900-f71d893cf19e
Error Number:4060,State:1,Class:11
[11:26:34]System.Data.SqlClient.SqlException (0x80131904): 无法打开登录所请求的数据库 "DataDecision1"。登录失败。
用户 'sa' 登录失败。
   在 System.Data.ProviderBase.DbConnectionPool.TryGetConnection(DbConnection owningObject, UInt32 waitForMultipleObjectsTimeout, Boolean allowCreate, Boolean onlyOneCheckConnection, DbConnectionOptions userOptions, DbConnectionInternal& connection)
   在 System.Data.ProviderBase.DbConnectionPool.TryGetConnection(DbConnection owningObject, TaskCompletionSource`1 retry, DbConnectionOptions userOptions, DbConnectionInternal& connection)
   在 System.Data.ProviderBase.DbConnectionFactory.TryGetConnection(DbConnection owningConnection, TaskCompletionSource`1 retry, DbConnectionOptions userOptions, DbConnectionInternal oldConnection, DbConnectionInternal& connection)
   在 System.Data.ProviderBase.DbConnectionInternal.TryOpenConnectionInternal(DbConnection outerConnection, DbConnectionFactory connectionFactory, TaskCompletionSource`1 retry, DbConnectionOptions userOptions)
   在 System.Data.ProviderBase.DbConnectionClosed.TryOpenConnection(DbConnection outerConnection, DbConnectionFactory connectionFactory, TaskCompletionSource`1 retry, DbConnectionOptions userOptions)
   在 System.Data.SqlClient.SqlConnection.TryOpenInner(TaskCompletionSource`1 retry)
   在 System.Data.SqlClient.SqlConnection.TryOpen(TaskCompletionSource`1 retry)
   在 System.Data.SqlClient.SqlConnection.Open()
   在 Bitshare.Common.SQLDBVisitor.QueryPageByProc(String tableName, String orderBy, Int32& totalCount, String queryFields, String where, Int32 pageIndex, Int32 pageSize) 位置 c:\Users\63565\Documents\Tencent Files\3004814399\FileRecv\WebMS\Bitshare.Common\DB\SQLDBVisitor.cs:行号 447
ClientConnectionId:62cd19fe-0168-4a67-a900-f71d893cf19e
Error Number:4060,State:1,Class:11
[11:26:37]System.Data.SqlClient.SqlException (0x80131904): 无法打开登录所请求的数据库 "DataDecision1"。登录失败。
用户 'sa' 登录失败。
   在 System.Data.ProviderBase.DbConnectionPool.TryGetConnection(DbConnection owningObject, UInt32 waitForMultipleObjectsTimeout, Boolean allowCreate, Boolean onlyOneCheckConnection, DbConnectionOptions userOptions, DbConnectionInternal& connection)
   在 System.Data.ProviderBase.DbConnectionPool.TryGetConnection(DbConnection owningObject, TaskCompletionSource`1 retry, DbConnectionOptions userOptions, DbConnectionInternal& connection)
   在 System.Data.ProviderBase.DbConnectionFactory.TryGetConnection(DbConnection owningConnection, TaskCompletionSource`1 retry, DbConnectionOptions userOptions, DbConnectionInternal oldConnection, DbConnectionInternal& connection)
   在 System.Data.ProviderBase.DbConnectionInternal.TryOpenConnectionInternal(DbConnection outerConnection, DbConnectionFactory connectionFactory, TaskCompletionSource`1 retry, DbConnectionOptions userOptions)
   在 System.Data.ProviderBase.DbConnectionClosed.TryOpenConnection(DbConnection outerConnection, DbConnectionFactory connectionFactory, TaskCompletionSource`1 retry, DbConnectionOptions userOptions)
   在 System.Data.SqlClient.SqlConnection.TryOpenInner(TaskCompletionSource`1 retry)
   在 System.Data.SqlClient.SqlConnection.TryOpen(TaskCompletionSource`1 retry)
   在 System.Data.SqlClient.SqlConnection.Open()
   在 Bitshare.Common.SQLDBVisitor.QueryPageByProc(String tableName, String orderBy, Int32& totalCount, String queryFields, String where, Int32 pageIndex, Int32 pageSize) 位置 c:\Users\63565\Documents\Tencent Files\3004814399\FileRecv\WebMS\Bitshare.Common\DB\SQLDBVisitor.cs:行号 447
ClientConnectionId:62cd19fe-0168-4a67-a900-f71d893cf19e
Error Number:4060,State:1,Class:11
[11:26:47]System.Data.SqlClient.SqlException (0x80131904): 无法打开登录所请求的数据库 "DataDecision1"。登录失败。
用户 'sa' 登录失败。
   在 System.Data.SqlClient.SqlInternalConnectionTds..ctor(DbConnectionPoolIdentity identity, SqlConnectionString connectionOptions, SqlCredential credential, Object providerInfo, String newPassword, SecureString newSecurePassword, Boolean redirectedUserInstance, SqlConnectionString userConnectionOptions, SessionData reconnectSessionData, DbConnectionPool pool, String accessToken, Boolean applyTransientFaultHandling)
   在 System.Data.SqlClient.SqlConnectionFactory.CreateConnection(DbConnectionOptions options, DbConnectionPoolKey poolKey, Object poolGroupProviderInfo, DbConnectionPool pool, DbConnection owningConnection, DbConnectionOptions userOptions)
   在 System.Data.ProviderBase.DbConnectionFactory.CreatePooledConnection(DbConnectionPool pool, DbConnection owningObject, DbConnectionOptions options, DbConnectionPoolKey poolKey, DbConnectionOptions userOptions)
   在 System.Data.ProviderBase.DbConnectionPool.CreateObject(DbConnection owningObject, DbConnectionOptions userOptions, DbConnectionInternal oldConnection)
   在 System.Data.ProviderBase.DbConnectionPool.UserCreateRequest(DbConnection owningObject, DbConnectionOptions userOptions, DbConnectionInternal oldConnection)
   在 System.Data.ProviderBase.DbConnectionPool.TryGetConnection(DbConnection owningObject, UInt32 waitForMultipleObjectsTimeout, Boolean allowCreate, Boolean onlyOneCheckConnection, DbConnectionOptions userOptions, DbConnectionInternal& connection)
   在 System.Data.ProviderBase.DbConnectionPool.TryGetConnection(DbConnection owningObject, TaskCompletionSource`1 retry, DbConnectionOptions userOptions, DbConnectionInternal& connection)
   在 System.Data.ProviderBase.DbConnectionFactory.TryGetConnection(DbConnection owningConnection, TaskCompletionSource`1 retry, DbConnectionOptions userOptions, DbConnectionInternal oldConnection, DbConnectionInternal& connection)
   在 System.Data.ProviderBase.DbConnectionInternal.TryOpenConnectionInternal(DbConnection outerConnection, DbConnectionFactory connectionFactory, TaskCompletionSource`1 retry, DbConnectionOptions userOptions)
   在 System.Data.ProviderBase.DbConnectionClosed.TryOpenConnection(DbConnection outerConnection, DbConnectionFactory connectionFactory, TaskCompletionSource`1 retry, DbConnectionOptions userOptions)
   在 System.Data.SqlClient.SqlConnection.TryOpenInner(TaskCompletionSource`1 retry)
   在 System.Data.SqlClient.SqlConnection.TryOpen(TaskCompletionSource`1 retry)
   在 System.Data.SqlClient.SqlConnection.Open()
   在 Bitshare.Common.SQLDBVisitor.QueryPageByProc(String tableName, String orderBy, Int32& totalCount, String queryFields, String where, Int32 pageIndex, Int32 pageSize) 位置 c:\Users\63565\Documents\Tencent Files\3004814399\FileRecv\WebMS\Bitshare.Common\DB\SQLDBVisitor.cs:行号 447
ClientConnectionId:9d87a2e6-9eab-4228-b7ed-1056615e61df
Error Number:4060,State:1,Class:11
[11:33:37]System.Data.SqlClient.SqlException (0x80131904): 无法打开登录所请求的数据库 "DataDecision1"。登录失败。
用户 'sa' 登录失败。
   在 System.Data.SqlClient.SqlInternalConnectionTds..ctor(DbConnectionPoolIdentity identity, SqlConnectionString connectionOptions, SqlCredential credential, Object providerInfo, String newPassword, SecureString newSecurePassword, Boolean redirectedUserInstance, SqlConnectionString userConnectionOptions, SessionData reconnectSessionData, DbConnectionPool pool, String accessToken, Boolean applyTransientFaultHandling)
   在 System.Data.SqlClient.SqlConnectionFactory.CreateConnection(DbConnectionOptions options, DbConnectionPoolKey poolKey, Object poolGroupProviderInfo, DbConnectionPool pool, DbConnection owningConnection, DbConnectionOptions userOptions)
   在 System.Data.ProviderBase.DbConnectionFactory.CreatePooledConnection(DbConnectionPool pool, DbConnection owningObject, DbConnectionOptions options, DbConnectionPoolKey poolKey, DbConnectionOptions userOptions)
   在 System.Data.ProviderBase.DbConnectionPool.CreateObject(DbConnection owningObject, DbConnectionOptions userOptions, DbConnectionInternal oldConnection)
   在 System.Data.ProviderBase.DbConnectionPool.UserCreateRequest(DbConnection owningObject, DbConnectionOptions userOptions, DbConnectionInternal oldConnection)
   在 System.Data.ProviderBase.DbConnectionPool.TryGetConnection(DbConnection owningObject, UInt32 waitForMultipleObjectsTimeout, Boolean allowCreate, Boolean onlyOneCheckConnection, DbConnectionOptions userOptions, DbConnectionInternal& connection)
   在 System.Data.ProviderBase.DbConnectionPool.TryGetConnection(DbConnection owningObject, TaskCompletionSource`1 retry, DbConnectionOptions userOptions, DbConnectionInternal& connection)
   在 System.Data.ProviderBase.DbConnectionFactory.TryGetConnection(DbConnection owningConnection, TaskCompletionSource`1 retry, DbConnectionOptions userOptions, DbConnectionInternal oldConnection, DbConnectionInternal& connection)
   在 System.Data.ProviderBase.DbConnectionInternal.TryOpenConnectionInternal(DbConnection outerConnection, DbConnectionFactory connectionFactory, TaskCompletionSource`1 retry, DbConnectionOptions userOptions)
   在 System.Data.ProviderBase.DbConnectionClosed.TryOpenConnection(DbConnection outerConnection, DbConnectionFactory connectionFactory, TaskCompletionSource`1 retry, DbConnectionOptions userOptions)
   在 System.Data.SqlClient.SqlConnection.TryOpenInner(TaskCompletionSource`1 retry)
   在 System.Data.SqlClient.SqlConnection.TryOpen(TaskCompletionSource`1 retry)
   在 System.Data.SqlClient.SqlConnection.Open()
   在 Bitshare.Common.SQLDBVisitor.QueryPageByProc(String tableName, String orderBy, Int32& totalCount, String queryFields, String where, Int32 pageIndex, Int32 pageSize) 位置 c:\Users\63565\Documents\Tencent Files\3004814399\FileRecv\WebMS\Bitshare.Common\DB\SQLDBVisitor.cs:行号 447
ClientConnectionId:03056232-6f87-4a36-ad87-06b8cb734bec
Error Number:4060,State:1,Class:11
[13:10:08]System.Data.SqlClient.SqlException (0x80131904): 无法打开登录所请求的数据库 "DataDecision1"。登录失败。
用户 'sa' 登录失败。
   在 System.Data.SqlClient.SqlInternalConnectionTds..ctor(DbConnectionPoolIdentity identity, SqlConnectionString connectionOptions, SqlCredential credential, Object providerInfo, String newPassword, SecureString newSecurePassword, Boolean redirectedUserInstance, SqlConnectionString userConnectionOptions, SessionData reconnectSessionData, DbConnectionPool pool, String accessToken, Boolean applyTransientFaultHandling)
   在 System.Data.SqlClient.SqlConnectionFactory.CreateConnection(DbConnectionOptions options, DbConnectionPoolKey poolKey, Object poolGroupProviderInfo, DbConnectionPool pool, DbConnection owningConnection, DbConnectionOptions userOptions)
   在 System.Data.ProviderBase.DbConnectionFactory.CreatePooledConnection(DbConnectionPool pool, DbConnection owningObject, DbConnectionOptions options, DbConnectionPoolKey poolKey, DbConnectionOptions userOptions)
   在 System.Data.ProviderBase.DbConnectionPool.CreateObject(DbConnection owningObject, DbConnectionOptions userOptions, DbConnectionInternal oldConnection)
   在 System.Data.ProviderBase.DbConnectionPool.UserCreateRequest(DbConnection owningObject, DbConnectionOptions userOptions, DbConnectionInternal oldConnection)
   在 System.Data.ProviderBase.DbConnectionPool.TryGetConnection(DbConnection owningObject, UInt32 waitForMultipleObjectsTimeout, Boolean allowCreate, Boolean onlyOneCheckConnection, DbConnectionOptions userOptions, DbConnectionInternal& connection)
   在 System.Data.ProviderBase.DbConnectionPool.TryGetConnection(DbConnection owningObject, TaskCompletionSource`1 retry, DbConnectionOptions userOptions, DbConnectionInternal& connection)
   在 System.Data.ProviderBase.DbConnectionFactory.TryGetConnection(DbConnection owningConnection, TaskCompletionSource`1 retry, DbConnectionOptions userOptions, DbConnectionInternal oldConnection, DbConnectionInternal& connection)
   在 System.Data.ProviderBase.DbConnectionInternal.TryOpenConnectionInternal(DbConnection outerConnection, DbConnectionFactory connectionFactory, TaskCompletionSource`1 retry, DbConnectionOptions userOptions)
   在 System.Data.ProviderBase.DbConnectionClosed.TryOpenConnection(DbConnection outerConnection, DbConnectionFactory connectionFactory, TaskCompletionSource`1 retry, DbConnectionOptions userOptions)
   在 System.Data.SqlClient.SqlConnection.TryOpenInner(TaskCompletionSource`1 retry)
   在 System.Data.SqlClient.SqlConnection.TryOpen(TaskCompletionSource`1 retry)
   在 System.Data.SqlClient.SqlConnection.Open()
   在 Bitshare.Common.SQLDBVisitor.QueryPageByProc(String tableName, String orderBy, Int32& totalCount, String queryFields, String where, Int32 pageIndex, Int32 pageSize) 位置 c:\Users\63565\Documents\Tencent Files\3004814399\FileRecv\WebMS\Bitshare.Common\DB\SQLDBVisitor.cs:行号 447
ClientConnectionId:ab25d069-f9b2-4a6c-9675-deabf2ffe7ce
Error Number:4060,State:1,Class:11
[13:10:18]System.Data.SqlClient.SqlException (0x80131904): 无法打开登录所请求的数据库 "DataDecision1"。登录失败。
用户 'sa' 登录失败。
   在 System.Data.SqlClient.SqlInternalConnectionTds..ctor(DbConnectionPoolIdentity identity, SqlConnectionString connectionOptions, SqlCredential credential, Object providerInfo, String newPassword, SecureString newSecurePassword, Boolean redirectedUserInstance, SqlConnectionString userConnectionOptions, SessionData reconnectSessionData, DbConnectionPool pool, String accessToken, Boolean applyTransientFaultHandling)
   在 System.Data.SqlClient.SqlConnectionFactory.CreateConnection(DbConnectionOptions options, DbConnectionPoolKey poolKey, Object poolGroupProviderInfo, DbConnectionPool pool, DbConnection owningConnection, DbConnectionOptions userOptions)
   在 System.Data.ProviderBase.DbConnectionFactory.CreatePooledConnection(DbConnectionPool pool, DbConnection owningObject, DbConnectionOptions options, DbConnectionPoolKey poolKey, DbConnectionOptions userOptions)
   在 System.Data.ProviderBase.DbConnectionPool.CreateObject(DbConnection owningObject, DbConnectionOptions userOptions, DbConnectionInternal oldConnection)
   在 System.Data.ProviderBase.DbConnectionPool.UserCreateRequest(DbConnection owningObject, DbConnectionOptions userOptions, DbConnectionInternal oldConnection)
   在 System.Data.ProviderBase.DbConnectionPool.TryGetConnection(DbConnection owningObject, UInt32 waitForMultipleObjectsTimeout, Boolean allowCreate, Boolean onlyOneCheckConnection, DbConnectionOptions userOptions, DbConnectionInternal& connection)
   在 System.Data.ProviderBase.DbConnectionPool.TryGetConnection(DbConnection owningObject, TaskCompletionSource`1 retry, DbConnectionOptions userOptions, DbConnectionInternal& connection)
   在 System.Data.ProviderBase.DbConnectionFactory.TryGetConnection(DbConnection owningConnection, TaskCompletionSource`1 retry, DbConnectionOptions userOptions, DbConnectionInternal oldConnection, DbConnectionInternal& connection)
   在 System.Data.ProviderBase.DbConnectionInternal.TryOpenConnectionInternal(DbConnection outerConnection, DbConnectionFactory connectionFactory, TaskCompletionSource`1 retry, DbConnectionOptions userOptions)
   在 System.Data.ProviderBase.DbConnectionClosed.TryOpenConnection(DbConnection outerConnection, DbConnectionFactory connectionFactory, TaskCompletionSource`1 retry, DbConnectionOptions userOptions)
   在 System.Data.SqlClient.SqlConnection.TryOpenInner(TaskCompletionSource`1 retry)
   在 System.Data.SqlClient.SqlConnection.TryOpen(TaskCompletionSource`1 retry)
   在 System.Data.SqlClient.SqlConnection.Open()
   在 Bitshare.Common.SQLDBVisitor.QueryPageByProc(String tableName, String orderBy, Int32& totalCount, String queryFields, String where, Int32 pageIndex, Int32 pageSize) 位置 c:\Users\63565\Documents\Tencent Files\3004814399\FileRecv\WebMS\Bitshare.Common\DB\SQLDBVisitor.cs:行号 447
ClientConnectionId:2e78c449-fa43-4fa4-986e-6e4bbea7c2a1
Error Number:4060,State:1,Class:11
[16:42:36]System.Data.SqlClient.SqlException (0x80131904): 无法打开登录所请求的数据库 "DataDecision1"。登录失败。
用户 'sa' 登录失败。
   在 System.Data.SqlClient.SqlInternalConnectionTds..ctor(DbConnectionPoolIdentity identity, SqlConnectionString connectionOptions, SqlCredential credential, Object providerInfo, String newPassword, SecureString newSecurePassword, Boolean redirectedUserInstance, SqlConnectionString userConnectionOptions, SessionData reconnectSessionData, DbConnectionPool pool, String accessToken, Boolean applyTransientFaultHandling)
   在 System.Data.SqlClient.SqlConnectionFactory.CreateConnection(DbConnectionOptions options, DbConnectionPoolKey poolKey, Object poolGroupProviderInfo, DbConnectionPool pool, DbConnection owningConnection, DbConnectionOptions userOptions)
   在 System.Data.ProviderBase.DbConnectionFactory.CreatePooledConnection(DbConnectionPool pool, DbConnection owningObject, DbConnectionOptions options, DbConnectionPoolKey poolKey, DbConnectionOptions userOptions)
   在 System.Data.ProviderBase.DbConnectionPool.CreateObject(DbConnection owningObject, DbConnectionOptions userOptions, DbConnectionInternal oldConnection)
   在 System.Data.ProviderBase.DbConnectionPool.UserCreateRequest(DbConnection owningObject, DbConnectionOptions userOptions, DbConnectionInternal oldConnection)
   在 System.Data.ProviderBase.DbConnectionPool.TryGetConnection(DbConnection owningObject, UInt32 waitForMultipleObjectsTimeout, Boolean allowCreate, Boolean onlyOneCheckConnection, DbConnectionOptions userOptions, DbConnectionInternal& connection)
   在 System.Data.ProviderBase.DbConnectionPool.TryGetConnection(DbConnection owningObject, TaskCompletionSource`1 retry, DbConnectionOptions userOptions, DbConnectionInternal& connection)
   在 System.Data.ProviderBase.DbConnectionFactory.TryGetConnection(DbConnection owningConnection, TaskCompletionSource`1 retry, DbConnectionOptions userOptions, DbConnectionInternal oldConnection, DbConnectionInternal& connection)
   在 System.Data.ProviderBase.DbConnectionInternal.TryOpenConnectionInternal(DbConnection outerConnection, DbConnectionFactory connectionFactory, TaskCompletionSource`1 retry, DbConnectionOptions userOptions)
   在 System.Data.ProviderBase.DbConnectionClosed.TryOpenConnection(DbConnection outerConnection, DbConnectionFactory connectionFactory, TaskCompletionSource`1 retry, DbConnectionOptions userOptions)
   在 System.Data.SqlClient.SqlConnection.TryOpenInner(TaskCompletionSource`1 retry)
   在 System.Data.SqlClient.SqlConnection.TryOpen(TaskCompletionSource`1 retry)
   在 System.Data.SqlClient.SqlConnection.Open()
   在 Bitshare.Common.SQLDBVisitor.QueryPageByProc(String tableName, String orderBy, Int32& totalCount, String queryFields, String where, Int32 pageIndex, Int32 pageSize)
ClientConnectionId:d0f97376-65e9-41a0-bfb2-36714d85b147
Error Number:4060,State:1,Class:11
[16:43:11]System.Data.SqlClient.SqlException (0x80131904): 无法打开登录所请求的数据库 "DataDecision1"。登录失败。
用户 'sa' 登录失败。
   在 System.Data.SqlClient.SqlInternalConnectionTds..ctor(DbConnectionPoolIdentity identity, SqlConnectionString connectionOptions, SqlCredential credential, Object providerInfo, String newPassword, SecureString newSecurePassword, Boolean redirectedUserInstance, SqlConnectionString userConnectionOptions, SessionData reconnectSessionData, DbConnectionPool pool, String accessToken, Boolean applyTransientFaultHandling)
   在 System.Data.SqlClient.SqlConnectionFactory.CreateConnection(DbConnectionOptions options, DbConnectionPoolKey poolKey, Object poolGroupProviderInfo, DbConnectionPool pool, DbConnection owningConnection, DbConnectionOptions userOptions)
   在 System.Data.ProviderBase.DbConnectionFactory.CreatePooledConnection(DbConnectionPool pool, DbConnection owningObject, DbConnectionOptions options, DbConnectionPoolKey poolKey, DbConnectionOptions userOptions)
   在 System.Data.ProviderBase.DbConnectionPool.CreateObject(DbConnection owningObject, DbConnectionOptions userOptions, DbConnectionInternal oldConnection)
   在 System.Data.ProviderBase.DbConnectionPool.UserCreateRequest(DbConnection owningObject, DbConnectionOptions userOptions, DbConnectionInternal oldConnection)
   在 System.Data.ProviderBase.DbConnectionPool.TryGetConnection(DbConnection owningObject, UInt32 waitForMultipleObjectsTimeout, Boolean allowCreate, Boolean onlyOneCheckConnection, DbConnectionOptions userOptions, DbConnectionInternal& connection)
   在 System.Data.ProviderBase.DbConnectionPool.TryGetConnection(DbConnection owningObject, TaskCompletionSource`1 retry, DbConnectionOptions userOptions, DbConnectionInternal& connection)
   在 System.Data.ProviderBase.DbConnectionFactory.TryGetConnection(DbConnection owningConnection, TaskCompletionSource`1 retry, DbConnectionOptions userOptions, DbConnectionInternal oldConnection, DbConnectionInternal& connection)
   在 System.Data.ProviderBase.DbConnectionInternal.TryOpenConnectionInternal(DbConnection outerConnection, DbConnectionFactory connectionFactory, TaskCompletionSource`1 retry, DbConnectionOptions userOptions)
   在 System.Data.ProviderBase.DbConnectionClosed.TryOpenConnection(DbConnection outerConnection, DbConnectionFactory connectionFactory, TaskCompletionSource`1 retry, DbConnectionOptions userOptions)
   在 System.Data.SqlClient.SqlConnection.TryOpenInner(TaskCompletionSource`1 retry)
   在 System.Data.SqlClient.SqlConnection.TryOpen(TaskCompletionSource`1 retry)
   在 System.Data.SqlClient.SqlConnection.Open()
   在 Bitshare.Common.SQLDBVisitor.QueryPageByProc(String tableName, String orderBy, Int32& totalCount, String queryFields, String where, Int32 pageIndex, Int32 pageSize)
ClientConnectionId:1b3ca761-74f1-4676-8487-5237705230b6
Error Number:4060,State:1,Class:11
[16:50:17]System.Data.SqlClient.SqlException (0x80131904): 列名 'TblRcdId' 无效。
列名 'TblRcdId' 无效。
由于绑定错误，无法使用视图或函数 'View_User_Role'。
列名 'TblRcdId' 无效。
列名 'TblRcdId' 无效。
由于绑定错误，无法使用视图或函数 'View_User_Role'。
   在 System.Data.SqlClient.SqlConnection.OnError(SqlException exception, Boolean breakConnection, Action`1 wrapCloseInAction)
   在 System.Data.SqlClient.SqlInternalConnection.OnError(SqlException exception, Boolean breakConnection, Action`1 wrapCloseInAction)
   在 System.Data.SqlClient.TdsParser.ThrowExceptionAndWarning(TdsParserStateObject stateObj, Boolean callerHasConnectionLock, Boolean asyncClose)
   在 System.Data.SqlClient.TdsParser.TryRun(RunBehavior runBehavior, SqlCommand cmdHandler, SqlDataReader dataStream, BulkCopySimpleResultSet bulkCopyHandler, TdsParserStateObject stateObj, Boolean& dataReady)
   在 System.Data.SqlClient.SqlDataReader.TryConsumeMetaData()
   在 System.Data.SqlClient.SqlDataReader.get_MetaData()
   在 System.Data.SqlClient.SqlCommand.FinishExecuteReader(SqlDataReader ds, RunBehavior runBehavior, String resetOptionsString, Boolean isInternal, Boolean forDescribeParameterEncryption)
   在 System.Data.SqlClient.SqlCommand.RunExecuteReaderTds(CommandBehavior cmdBehavior, RunBehavior runBehavior, Boolean returnStream, Boolean async, Int32 timeout, Task& task, Boolean asyncWrite, Boolean inRetry, SqlDataReader ds, Boolean describeParameterEncryptionRequest)
   在 System.Data.SqlClient.SqlCommand.RunExecuteReader(CommandBehavior cmdBehavior, RunBehavior runBehavior, Boolean returnStream, String method, TaskCompletionSource`1 completion, Int32 timeout, Task& task, Boolean& usedCache, Boolean asyncWrite, Boolean inRetry)
   在 System.Data.SqlClient.SqlCommand.RunExecuteReader(CommandBehavior cmdBehavior, RunBehavior runBehavior, Boolean returnStream, String method)
   在 System.Data.SqlClient.SqlCommand.ExecuteReader(CommandBehavior behavior, String method)
   在 System.Data.SqlClient.SqlCommand.ExecuteDbDataReader(CommandBehavior behavior)
   在 System.Data.Common.DbCommand.System.Data.IDbCommand.ExecuteReader(CommandBehavior behavior)
   在 System.Data.Common.DbDataAdapter.FillInternal(DataSet dataset, DataTable[] datatables, Int32 startRecord, Int32 maxRecords, String srcTable, IDbCommand command, CommandBehavior behavior)
   在 System.Data.Common.DbDataAdapter.Fill(DataTable[] dataTables, Int32 startRecord, Int32 maxRecords, IDbCommand command, CommandBehavior behavior)
   在 System.Data.Common.DbDataAdapter.Fill(DataTable dataTable)
   在 Bitshare.Common.SQLDBVisitor.QueryPageByProc(String tableName, String orderBy, Int32& totalCount, String queryFields, String where, Int32 pageIndex, Int32 pageSize)
ClientConnectionId:0e8e3294-94be-4ee8-960b-b21b4b64b5dc
Error Number:207,State:1,Class:16
[16:51:48]System.Data.SqlClient.SqlException (0x80131904): 列名 'TblRcdId' 无效。
列名 'TblRcdId' 无效。
由于绑定错误，无法使用视图或函数 'View_User_Role'。
列名 'TblRcdId' 无效。
列名 'TblRcdId' 无效。
由于绑定错误，无法使用视图或函数 'View_User_Role'。
   在 System.Data.SqlClient.SqlConnection.OnError(SqlException exception, Boolean breakConnection, Action`1 wrapCloseInAction)
   在 System.Data.SqlClient.SqlInternalConnection.OnError(SqlException exception, Boolean breakConnection, Action`1 wrapCloseInAction)
   在 System.Data.SqlClient.TdsParser.ThrowExceptionAndWarning(TdsParserStateObject stateObj, Boolean callerHasConnectionLock, Boolean asyncClose)
   在 System.Data.SqlClient.TdsParser.TryRun(RunBehavior runBehavior, SqlCommand cmdHandler, SqlDataReader dataStream, BulkCopySimpleResultSet bulkCopyHandler, TdsParserStateObject stateObj, Boolean& dataReady)
   在 System.Data.SqlClient.SqlDataReader.TryConsumeMetaData()
   在 System.Data.SqlClient.SqlDataReader.get_MetaData()
   在 System.Data.SqlClient.SqlCommand.FinishExecuteReader(SqlDataReader ds, RunBehavior runBehavior, String resetOptionsString, Boolean isInternal, Boolean forDescribeParameterEncryption)
   在 System.Data.SqlClient.SqlCommand.RunExecuteReaderTds(CommandBehavior cmdBehavior, RunBehavior runBehavior, Boolean returnStream, Boolean async, Int32 timeout, Task& task, Boolean asyncWrite, Boolean inRetry, SqlDataReader ds, Boolean describeParameterEncryptionRequest)
   在 System.Data.SqlClient.SqlCommand.RunExecuteReader(CommandBehavior cmdBehavior, RunBehavior runBehavior, Boolean returnStream, String method, TaskCompletionSource`1 completion, Int32 timeout, Task& task, Boolean& usedCache, Boolean asyncWrite, Boolean inRetry)
   在 System.Data.SqlClient.SqlCommand.RunExecuteReader(CommandBehavior cmdBehavior, RunBehavior runBehavior, Boolean returnStream, String method)
   在 System.Data.SqlClient.SqlCommand.ExecuteReader(CommandBehavior behavior, String method)
   在 System.Data.SqlClient.SqlCommand.ExecuteDbDataReader(CommandBehavior behavior)
   在 System.Data.Common.DbCommand.System.Data.IDbCommand.ExecuteReader(CommandBehavior behavior)
   在 System.Data.Common.DbDataAdapter.FillInternal(DataSet dataset, DataTable[] datatables, Int32 startRecord, Int32 maxRecords, String srcTable, IDbCommand command, CommandBehavior behavior)
   在 System.Data.Common.DbDataAdapter.Fill(DataTable[] dataTables, Int32 startRecord, Int32 maxRecords, IDbCommand command, CommandBehavior behavior)
   在 System.Data.Common.DbDataAdapter.Fill(DataTable dataTable)
   在 Bitshare.Common.SQLDBVisitor.QueryPageByProc(String tableName, String orderBy, Int32& totalCount, String queryFields, String where, Int32 pageIndex, Int32 pageSize)
ClientConnectionId:0e8e3294-94be-4ee8-960b-b21b4b64b5dc
Error Number:207,State:1,Class:16
[17:23:40]System.NullReferenceException: 未将对象引用设置到对象的实例。
   在 Bitshare.DataDecision.Common.DBContext.InitConfig() 位置 c:\Users\63565\Documents\Tencent Files\3004814399\FileRecv\WebMS\Bitshare.DataDecision.Common\DBContext.cs:行号 33
